[2023-09-03 21:28:20] [info]  [13936] Commons Daemon procrun (1.0.15.0 64-bit) started
[2023-09-03 21:28:20] [info]  [13936] Debugging 'Tomcat8' service...
[2023-09-03 21:28:21] [info]  [13936] Starting service...
[2023-09-03 21:28:22] [info]  [ 3132] Commons Daemon procrun (1.0.15.0 64-bit) started
[2023-09-03 21:28:22] [info]  [ 3132] Debugging 'Tomcat8' service...
[2023-09-03 21:28:22] [info]  [ 3132] Starting service...
[2023-09-03 21:28:24] [info]  [ 3132] Service started in 1587 ms.
[2023-09-03 21:28:24] [info]  [13936] Service started in 3255 ms.
[2023-09-03 21:28:25] [info]  [ 2172] Console CTRL+CLOSE event signaled
[2023-09-03 21:28:25] [info]  [ 2172] Stopping service...
[2023-09-03 21:28:28] [info]  [11320] Console CTRL+BREAK event signaled
[2023-09-03 21:41:30] [info]  [15324] Console CTRL+CLOSE event signaled
[2023-09-03 21:41:31] [info]  [15324] Stopping service...
[2023-09-03 21:41:32] [info]  [15324] Service stop thread completed.
[2023-09-03 21:42:01] [info]  [ 4760] Commons Daemon procrun (1.0.15.0 64-bit) started
[2023-09-03 21:42:01] [info]  [ 4760] Debugging 'Tomcat8' service...
[2023-09-03 21:42:01] [info]  [ 4760] Starting service...
[2023-09-03 21:42:02] [info]  [ 4760] Service started in 1176 ms.
[2023-09-03 22:02:36] [info]  [11940] Console CTRL+CLOSE event signaled
[2023-09-03 22:02:36] [info]  [11940] Stopping service...
[2023-09-03 22:02:37] [info]  [11940] Service stop thread completed.
