[2023-09-05 07:41:17] [info]  [16388] Commons Daemon procrun (1.0.15.0 64-bit) started
[2023-09-05 07:41:17] [info]  [16388] Debugging 'Tomcat8' service...
[2023-09-05 07:41:17] [info]  [16388] Starting service...
[2023-09-05 07:41:19] [info]  [16388] Service started in 1510 ms.
[2023-09-05 08:02:30] [info]  [ 7476] Commons Daemon procrun (1.0.15.0 64-bit) started
[2023-09-05 08:02:33] [info]  [ 7476] Debugging 'Tomcat8' service...
[2023-09-05 08:02:33] [info]  [ 7476] Starting service...
[2023-09-05 08:02:35] [info]  [ 7476] Service started in 1260 ms.
[2023-09-05 08:02:41] [info]  [ 4724] Console CTRL+CLOSE event signaled
[2023-09-05 08:02:41] [info]  [ 4724] Stopping service...
[2023-09-05 08:02:42] [info]  [ 4724] Service stop thread completed.
[2023-09-05 08:02:42] [info]  [ 3092] Console CTRL+BREAK event signaled
[2023-09-05 08:04:26] [info]  [ 9392] Console CTRL+CLOSE event signaled
[2023-09-05 08:04:26] [info]  [ 9392] Stopping service...
[2023-09-05 08:04:27] [info]  [ 9392] Service stop thread completed.
[2023-09-05 08:21:52] [info]  [ 3928] Commons Daemon procrun (1.0.15.0 64-bit) started
[2023-09-05 08:21:52] [info]  [ 3928] Debugging 'Tomcat8' service...
[2023-09-05 08:21:52] [info]  [ 3928] Starting service...
[2023-09-05 08:21:53] [info]  [ 3928] Service started in 1286 ms.
[2023-09-05 08:28:41] [info]  [ 1092] Console CTRL+CLOSE event signaled
[2023-09-05 08:28:42] [info]  [ 1092] Stopping service...
[2023-09-05 08:28:43] [info]  [ 1092] Service stop thread completed.
[2023-09-05 14:03:26] [info]  [16732] Commons Daemon procrun (1.0.15.0 64-bit) started
[2023-09-05 14:03:28] [info]  [16732] Debugging 'Tomcat8' service...
[2023-09-05 14:03:31] [info]  [16732] Starting service...
[2023-09-05 14:03:37] [info]  [16732] Service started in 4362 ms.
[2023-09-05 14:30:12] [info]  [10540] Console CTRL+CLOSE event signaled
[2023-09-05 14:30:12] [info]  [10540] Stopping service...
[2023-09-05 14:30:13] [info]  [10540] Service stop thread completed.
