[2023-08-18 11:15:31] [info]  [  984] Commons Daemon procrun (1.0.15.0 64-bit) started
[2023-08-18 11:15:31] [info]  [  984] Service Tomcat8 name Apache Tomcat 8.0 Tomcat8
[2023-08-18 11:15:32] [info]  [  984] Service 'Tomcat8' installed
[2023-08-18 11:15:32] [info]  [  984] Commons Daemon procrun finished
[2023-08-18 11:15:33] [info]  [ 8872] Commons Daemon procrun (1.0.15.0 64-bit) started
[2023-08-18 11:15:33] [info]  [ 8872] Updating service...
[2023-08-18 11:15:34] [info]  [ 8872] Service 'Tomcat8' updated
[2023-08-18 11:15:34] [info]  [ 8872] Update service finished.
[2023-08-18 11:15:34] [info]  [ 8872] Commons Daemon procrun finished
[2023-08-18 11:15:34] [info]  [ 1360] Commons Daemon procrun (1.0.15.0 64-bit) started
[2023-08-18 11:15:35] [info]  [ 1360] Updating service...
[2023-08-18 11:15:35] [info]  [ 1360] Service 'Tomcat8' updated
[2023-08-18 11:15:35] [info]  [ 1360] Update service finished.
[2023-08-18 11:15:35] [info]  [ 1360] Commons Daemon procrun finished
[2023-08-18 11:15:35] [info]  [ 9472] Commons Daemon procrun (1.0.15.0 64-bit) started
[2023-08-18 11:15:35] [info]  [ 9472] Updating service...
[2023-08-18 11:15:35] [info]  [ 9472] Service 'Tomcat8' updated
[2023-08-18 11:15:35] [info]  [ 9472] Update service finished.
[2023-08-18 11:15:35] [info]  [ 9472] Commons Daemon procrun finished
[2023-08-18 11:24:54] [info]  [ 6080] Commons Daemon procrun (1.0.15.0 64-bit) started
[2023-08-18 11:24:54] [info]  [ 6080] Debugging 'Tomcat8' service...
[2023-08-18 11:24:54] [info]  [ 6080] Starting service...
[2023-08-18 11:24:56] [info]  [ 6080] Service started in 1602 ms.
[2023-08-18 11:28:09] [info]  [ 9708] Console CTRL+CLOSE event signaled
[2023-08-18 11:28:09] [info]  [ 9708] Stopping service...
[2023-08-18 11:28:10] [info]  [ 9708] Service stop thread completed.
[2023-08-18 11:29:46] [info]  [ 7988] Commons Daemon procrun (1.0.15.0 64-bit) started
[2023-08-18 11:29:46] [info]  [ 7988] Debugging 'Tomcat8' service...
[2023-08-18 11:29:46] [info]  [ 7988] Starting service...
[2023-08-18 11:29:47] [info]  [ 7988] Service started in 1255 ms.
[2023-08-18 12:27:57] [info]  [13564] Console CTRL+CLOSE event signaled
[2023-08-18 12:27:57] [info]  [13564] Stopping service...
[2023-08-18 12:27:58] [info]  [13564] Service stop thread completed.
[2023-08-18 12:28:23] [info]  [14984] Commons Daemon procrun (1.0.15.0 64-bit) started
[2023-08-18 12:28:23] [info]  [14984] Debugging 'Tomcat8' service...
[2023-08-18 12:28:23] [info]  [14984] Starting service...
[2023-08-18 12:28:24] [info]  [14984] Service started in 1128 ms.
[2023-08-18 12:29:45] [info]  [ 9656] Console CTRL+CLOSE event signaled
[2023-08-18 12:29:45] [info]  [ 9656] Stopping service...
[2023-08-18 12:29:46] [info]  [ 9656] Service stop thread completed.
[2023-08-18 12:29:52] [info]  [10432] Commons Daemon procrun (1.0.15.0 64-bit) started
[2023-08-18 12:29:52] [info]  [10432] Debugging 'Tomcat8' service...
[2023-08-18 12:29:52] [info]  [10432] Starting service...
[2023-08-18 12:29:53] [info]  [10432] Service started in 1133 ms.
[2023-08-18 12:29:57] [info]  [15140] Console CTRL+CLOSE event signaled
[2023-08-18 12:29:57] [info]  [15140] Stopping service...
[2023-08-18 12:29:58] [info]  [15140] Service stop thread completed.
[2023-08-18 12:30:42] [info]  [ 6708] Commons Daemon procrun (1.0.15.0 64-bit) started
[2023-08-18 12:30:42] [info]  [ 6708] Debugging 'Tomcat8' service...
[2023-08-18 12:30:42] [info]  [ 6708] Starting service...
[2023-08-18 12:30:43] [info]  [ 6708] Service started in 1333 ms.
[2023-08-18 12:30:44] [info]  [ 8372] Commons Daemon procrun (1.0.15.0 64-bit) started
[2023-08-18 12:30:44] [info]  [ 8372] Debugging 'Tomcat8' service...
[2023-08-18 12:30:44] [info]  [ 8372] Starting service...
[2023-08-18 12:30:45] [info]  [ 8372] Service started in 1419 ms.
[2023-08-18 12:30:48] [info]  [ 8372] Debug service finished with exit code 0
[2023-08-18 12:30:48] [info]  [ 8372] Commons Daemon procrun finished
[2023-08-18 12:37:44] [info]  [  976] Console CTRL+CLOSE event signaled
[2023-08-18 12:37:44] [info]  [  976] Stopping service...
[2023-08-18 12:37:45] [info]  [  976] Service stop thread completed.
[2023-08-18 20:59:16] [info]  [11636] Commons Daemon procrun (1.0.15.0 64-bit) started
[2023-08-18 20:59:16] [info]  [11636] Debugging 'Tomcat8' service...
[2023-08-18 20:59:16] [info]  [11636] Starting service...
[2023-08-18 20:59:17] [info]  [11636] Service started in 1312 ms.
[2023-08-18 21:34:34] [info]  [12044] Console CTRL+CLOSE event signaled
[2023-08-18 21:34:34] [info]  [12044] Stopping service...
[2023-08-18 21:34:35] [info]  [12044] Service stop thread completed.
[2023-08-18 21:35:16] [info]  [12960] Commons Daemon procrun (1.0.15.0 64-bit) started
[2023-08-18 21:35:16] [info]  [12960] Debugging 'Tomcat8' service...
[2023-08-18 21:35:17] [info]  [12960] Starting service...
[2023-08-18 21:35:18] [info]  [12960] Service started in 1239 ms.
[2023-08-18 21:40:18] [info]  [17076] Console CTRL+CLOSE event signaled
[2023-08-18 21:40:18] [info]  [17076] Stopping service...
[2023-08-18 21:40:19] [info]  [17076] Service stop thread completed.
