[2023-09-10 14:55:14] [info]  [10968] Commons Daemon procrun (1.0.15.0 64-bit) started
[2023-09-10 14:55:14] [info]  [10968] Debugging 'Tomcat8' service...
[2023-09-10 14:55:15] [info]  [10968] Starting service...
[2023-09-10 14:55:17] [info]  [ 5268] Commons Daemon procrun (1.0.15.0 64-bit) started
[2023-09-10 14:55:18] [info]  [ 5268] Debugging 'Tomcat8' service...
[2023-09-10 14:55:18] [info]  [ 5268] Starting service...
[2023-09-10 14:55:21] [info]  [10968] Service started in 5907 ms.
[2023-09-10 14:55:21] [info]  [ 5268] Service started in 2485 ms.
[2023-09-10 14:55:27] [info]  [ 9572] Console CTRL+CLOSE event signaled
[2023-09-10 14:55:27] [info]  [ 9572] Stopping service...
[2023-09-10 14:55:55] [info]  [ 2124] Commons Daemon procrun (1.0.15.0 64-bit) started
[2023-09-10 14:55:55] [info]  [ 2124] Debugging 'Tomcat8' service...
[2023-09-10 14:55:55] [info]  [ 2124] Starting service...
[2023-09-10 14:55:56] [info]  [ 2924] Commons Daemon procrun (1.0.15.0 64-bit) started
[2023-09-10 14:55:56] [info]  [ 2924] Debugging 'Tomcat8' service...
[2023-09-10 14:55:56] [info]  [ 2924] Starting service...
[2023-09-10 14:55:56] [info]  [ 2124] Service started in 1233 ms.
[2023-09-10 14:55:57] [info]  [ 2924] Service started in 1229 ms.
[2023-09-10 14:56:04] [info]  [ 2124] Debug service finished with exit code 0
[2023-09-10 14:56:04] [info]  [ 2124] Commons Daemon procrun finished
[2023-09-10 14:58:30] [info]  [13980] Console CTRL+CLOSE event signaled
[2023-09-10 14:58:30] [info]  [13980] Stopping service...
[2023-09-10 14:58:31] [info]  [13980] Service stop thread completed.
[2023-09-10 14:58:40] [info]  [ 4948] Commons Daemon procrun (1.0.15.0 64-bit) started
[2023-09-10 14:58:40] [info]  [ 4948] Debugging 'Tomcat8' service...
[2023-09-10 14:58:40] [info]  [ 4948] Starting service...
[2023-09-10 14:58:42] [info]  [ 4948] Service started in 1306 ms.
[2023-09-10 15:29:11] [info]  [12648] Console CTRL+CLOSE event signaled
[2023-09-10 15:29:11] [info]  [12648] Stopping service...
[2023-09-10 15:29:12] [info]  [12648] Service stop thread completed.
